750
56
412
584
598 684
767
867
82 619
436
196
538
599 715
688
258
210
406
742
951
570
241
678
747
668 759
96 797
457
886
708
417 801
336 371
441
775
22
9
60
197
887
172 813
636 965
44 169
40 183
316
736
730
181
129 402
313
65 409
320
102 894
272
492 609
499
723
627
959
731 781
377
592
49 249
717 990
420
720 934
209
777
812
729
116 153
92
250 452
285 726
120
889
97 814
682
501 681
432 853
517 805
216
338 407
913
762 806
123 200
370
31 108
898 904
784
460
823
844
542 920
206 993
403 760
821
676 816
124 243
895
244 422
907
347
893
626
629
72 543
57 344
979 980
37 162
852
878
829
42
276
132
506
334
356
933
632 930
655
649
734
75
945 946
690
158 665
146 481
25
602
505
63
53 262
84 661
194
467
134 438
173 817
185 840
303
223 318
593
126 256
12 27
631 876
359 525
101 847
168 740
597
93 795
498 664
103
286
78
811
85 721
350 414
588
373 583
121
52 289
495 622
580 595
46 204
630 838
496 624
510 695
0 8
62
576
560
771
618 818
888
702
648
743
68 471
917
247
255
855
252 454
36 114
559
477
331 345
321 912
384 653
869
222
514
288 765
906
48
171 751
291 770
182 873
138 458
901 909
785
295 800
850
899
239
637 996
567
596
251
663
604
713
306 858
786
310 881
45
405 794
227 376
914
448
107
694
119 195
390 662
607 774
418 825
375 612
601 758
117 155
87
228
466 984
66 469
478 547
369
916 941
109
820
677
268
516
47 242
157 620
756
423
105 995
275
26 91
34
577 585
264 494
733
364
473
360
465 953
130 401
71 511
754
298
11
921
10 88
421
125
24
788 897
936
257 482
111
280 716
476 534
14
43
246 424
191 960
23
779
963
234 383
273 703
939
175 846
507
207 231
586 651
660 709
646
985 999
337 388
807
574
508
539
419 833
18 51
363 562
992
641
464 947
591
147 513
565
750 793
203
21
860
5
652
645
569
434 872
804
749 773
193
994
141
698 918
955
219
741
611
348
439
902 940
267
692
859
393
922
880
4
167
799
453
115 150
144 475
290 808
997
133 415
217
550
99 837
160 670
468
324 956
557
509
297 832
179
165 735
137 447
535 866
658
365 571
335 977
55 341
281
450
81
79 553
76 615
205
971
616
755
184
30 94
325
644
309
536
497
230
606
13
905
463
727
613
752 824
483
154
70
378
989
556
923
323
493
826
100
74
226 368
80 581
224 327
484 566
131 413
305
884 961
261
924
446
89
300
827
512 737
177
426 835
90
314
86 744
198 982
189
724
201
366 572
819
679
428 862
628 834
151 522
342
791
220
745
451
803
764
312
199 991
17
387
332
778
340
284
104 861
127
237 394
798 910
761
998
59 372
287
211
925
728
815
355 518
551
38
575
970
659 967
809
589 711
248 444
202
696 911
548 952
259 537
935
67 470
190 929
529 879
545 943
233
358
35
218 304
849
964
605
41
433
633 949
128 386
353 490
746
170
486
317
691
667
608 810
404
546
783 868
437 903
427 841
188 885
870
531
16
135
39
282
687
379
854
722
978
489
152 617
926
568 579
555
293
110
780
164
515
176
614
7
647
500
621
520
634 957
95 796
315
474 528
966
395 675
149
532
892 981
32 118
610
603 769
385 643
839
178
666 710
254
718
354
983
77
656
693
213
238 410
174
704
279
145
768
64 408
159
578 590
245
148
411
269 674
738
635 958
326
283
732
504
166
296
479
938
112
240
843
822
519
235
848
381
942
180 856
349
397
623
502
830
594
712
431
790
976
642
54 263
232
863
265
215 270
260
877
527 857
33
361
277
836
225
266 544
391
908
950
357
351
491
333
430
186
299
192
1
28
533
449 915
352
143 461
58 339
776
671
328
343 443
399 705
398 697
851
212
526
748
400
163 714
140
98
136
673 789
271 701
122
968 974
669
865
654
549
161 686
672
374
425
440
719
962
552 973
435
845
874
766
975
142
362
330 988
787
311
319
792
931
73
842
540
346
948
987
883 928
139
802
831
229
3
650
680
29
442
864
462
707
896
706
782 828
487 573
739
380
530
459 937
638
367
302
472
699 919
639
986
396
561
456
554
6 15
214 236
875
757
106
541
301
488
208
558 563
83
944
274
416
725
329
972
900
308
772
564 582
2 20
292
485
480
685 882
61 392
19
969
294
50
156 524
113
587 657
253 455
640
890
700 927
278
389
600 753
429
187
683 871
523 763
954
445 891
322 932
221 307
503 689
382 625
69 521